2016-10-03 12:12:54,597 [Worker-7] INFO  o.e.m.c.i.l.LifecycleMappingFactory - Using org.eclipse.m2e.jdt.JarLifecycleMapping lifecycle mapping for MavenProject: edu.toronto.csc301:a2:0.0.1-SNAPSHOT @ /Users/JosephCameron/University/UofTFall/CSC301/Assignment2/a2-camer249/pom.xml.
2016-10-03 12:12:54,914 [Worker-7] INFO  o.e.m.j.i.AbstractJavaProjectConfigurator - Adding source folder /a2-camer249/src/main/java
2016-10-03 12:12:54,915 [Worker-7] INFO  o.e.m.j.i.AbstractJavaProjectConfigurator - Adding resource folder /a2-camer249/src/main/resources
2016-10-03 12:12:54,922 [Worker-7] INFO  o.e.m.j.i.AbstractJavaProjectConfigurator - Adding source folder /a2-camer249/src/test/java
2016-10-03 12:12:54,922 [Worker-7] INFO  o.e.m.j.i.AbstractJavaProjectConfigurator - Adding resource folder /a2-camer249/src/test/resources
2016-10-03 12:12:56,366 [Worker-7] INFO  o.e.m.c.i.p.ProjectConfigurationManager - Imported and configured 1 project(s) in 2 sec
2016-10-03 12:12:57,392 [Worker-6] INFO  o.e.m.c.i.embedder.EclipseLogger - Using 'UTF-8' encoding to copy filtered resources.
2016-10-03 12:12:57,396 [Worker-6] INFO  o.e.m.c.i.embedder.EclipseLogger - Copying 1 resource
2016-10-03 12:12:57,403 [Worker-6] INFO  o.e.m.c.i.embedder.EclipseLogger - Using 'UTF-8' encoding to copy filtered resources.
2016-10-03 12:12:57,403 [Worker-6] INFO  o.e.m.c.i.embedder.EclipseLogger - Copying 1 resource
2016-10-03 12:17:02,778 [Worker-1] INFO  o.e.m.c.i.embedder.EclipseLogger - Using 'UTF-8' encoding to copy filtered resources.
2016-10-03 12:17:02,785 [Worker-1] INFO  o.e.m.c.i.embedder.EclipseLogger - Copying 1 resource
2016-10-03 12:17:02,787 [Worker-1] INFO  o.e.m.c.i.embedder.EclipseLogger - Using 'UTF-8' encoding to copy filtered resources.
2016-10-03 12:17:02,787 [Worker-1] INFO  o.e.m.c.i.embedder.EclipseLogger - Copying 0 resource
2016-10-03 12:18:07,683 [Worker-7] INFO  o.e.m.c.i.embedder.EclipseLogger - Using 'UTF-8' encoding to copy filtered resources.
2016-10-03 12:18:07,683 [Worker-7] INFO  o.e.m.c.i.embedder.EclipseLogger - Copying 1 resource
2016-10-03 12:18:07,685 [Worker-7] INFO  o.e.m.c.i.embedder.EclipseLogger - Using 'UTF-8' encoding to copy filtered resources.
2016-10-03 12:18:07,685 [Worker-7] INFO  o.e.m.c.i.embedder.EclipseLogger - Copying 0 resource
2016-10-03 12:28:06,216 [Worker-5] INFO  o.e.m.c.i.embedder.EclipseLogger - Using 'UTF-8' encoding to copy filtered resources.
2016-10-03 12:28:06,225 [Worker-5] INFO  o.e.m.c.i.embedder.EclipseLogger - Copying 1 resource
2016-10-03 12:28:06,233 [Worker-5] INFO  o.e.m.c.i.embedder.EclipseLogger - Using 'UTF-8' encoding to copy filtered resources.
2016-10-03 12:28:06,233 [Worker-5] INFO  o.e.m.c.i.embedder.EclipseLogger - Copying 1 resource
2016-10-03 12:29:33,673 [Worker-1] INFO  o.e.m.c.i.embedder.EclipseLogger - Using 'UTF-8' encoding to copy filtered resources.
2016-10-03 12:29:33,678 [Worker-1] INFO  o.e.m.c.i.embedder.EclipseLogger - Copying 1 resource
2016-10-03 12:29:33,680 [Worker-1] INFO  o.e.m.c.i.embedder.EclipseLogger - Using 'UTF-8' encoding to copy filtered resources.
2016-10-03 12:29:33,680 [Worker-1] INFO  o.e.m.c.i.embedder.EclipseLogger - Copying 0 resource
2016-10-03 12:29:59,499 [Worker-11] INFO  o.e.m.c.i.embedder.EclipseLogger - Using 'UTF-8' encoding to copy filtered resources.
2016-10-03 12:29:59,500 [Worker-11] INFO  o.e.m.c.i.embedder.EclipseLogger - Copying 1 resource
2016-10-03 12:29:59,502 [Worker-11] INFO  o.e.m.c.i.embedder.EclipseLogger - Using 'UTF-8' encoding to copy filtered resources.
2016-10-03 12:29:59,502 [Worker-11] INFO  o.e.m.c.i.embedder.EclipseLogger - Copying 0 resource
2016-10-03 12:31:33,056 [Worker-2] INFO  o.e.m.c.i.embedder.EclipseLogger - Using 'UTF-8' encoding to copy filtered resources.
2016-10-03 12:31:33,057 [Worker-2] INFO  o.e.m.c.i.embedder.EclipseLogger - Copying 1 resource
2016-10-03 12:31:33,058 [Worker-2] INFO  o.e.m.c.i.embedder.EclipseLogger - Using 'UTF-8' encoding to copy filtered resources.
2016-10-03 12:31:33,059 [Worker-2] INFO  o.e.m.c.i.embedder.EclipseLogger - Copying 0 resource
2016-10-03 12:32:16,222 [Worker-7] INFO  o.e.m.c.i.embedder.EclipseLogger - Using 'UTF-8' encoding to copy filtered resources.
2016-10-03 12:32:16,222 [Worker-7] INFO  o.e.m.c.i.embedder.EclipseLogger - Copying 1 resource
2016-10-03 12:32:16,223 [Worker-7] INFO  o.e.m.c.i.embedder.EclipseLogger - Using 'UTF-8' encoding to copy filtered resources.
2016-10-03 12:32:16,224 [Worker-7] INFO  o.e.m.c.i.embedder.EclipseLogger - Copying 0 resource
2016-10-03 12:37:58,431 [Worker-3] INFO  o.e.m.c.i.embedder.EclipseLogger - Using 'UTF-8' encoding to copy filtered resources.
2016-10-03 12:37:58,431 [Worker-3] INFO  o.e.m.c.i.embedder.EclipseLogger - Copying 0 resource
2016-10-03 12:37:58,432 [Worker-3] INFO  o.e.m.c.i.embedder.EclipseLogger - Using 'UTF-8' encoding to copy filtered resources.
2016-10-03 12:37:58,432 [Worker-3] INFO  o.e.m.c.i.embedder.EclipseLogger - Copying 0 resource
2016-10-03 12:42:48,119 [Worker-17] INFO  o.e.m.c.i.embedder.EclipseLogger - Using 'UTF-8' encoding to copy filtered resources.
2016-10-03 12:42:48,119 [Worker-17] INFO  o.e.m.c.i.embedder.EclipseLogger - Copying 1 resource
2016-10-03 12:42:48,121 [Worker-17] INFO  o.e.m.c.i.embedder.EclipseLogger - Using 'UTF-8' encoding to copy filtered resources.
2016-10-03 12:42:48,121 [Worker-17] INFO  o.e.m.c.i.embedder.EclipseLogger - Copying 0 resource
2016-10-03 13:23:03,848 [Worker-27] INFO  o.e.m.c.i.embedder.EclipseLogger - Using 'UTF-8' encoding to copy filtered resources.
2016-10-03 13:23:03,849 [Worker-27] INFO  o.e.m.c.i.embedder.EclipseLogger - Copying 1 resource
2016-10-03 13:23:03,850 [Worker-27] INFO  o.e.m.c.i.embedder.EclipseLogger - Using 'UTF-8' encoding to copy filtered resources.
2016-10-03 13:23:03,851 [Worker-27] INFO  o.e.m.c.i.embedder.EclipseLogger - Copying 0 resource
2016-10-03 13:24:34,706 [Worker-26] INFO  o.e.m.c.i.embedder.EclipseLogger - Using 'UTF-8' encoding to copy filtered resources.
2016-10-03 13:24:34,706 [Worker-26] INFO  o.e.m.c.i.embedder.EclipseLogger - Copying 1 resource
2016-10-03 13:24:34,707 [Worker-26] INFO  o.e.m.c.i.embedder.EclipseLogger - Using 'UTF-8' encoding to copy filtered resources.
2016-10-03 13:24:34,708 [Worker-26] INFO  o.e.m.c.i.embedder.EclipseLogger - Copying 0 resource
2016-10-03 13:25:29,123 [Worker-31] INFO  o.e.m.c.i.embedder.EclipseLogger - Using 'UTF-8' encoding to copy filtered resources.
2016-10-03 13:25:29,124 [Worker-31] INFO  o.e.m.c.i.embedder.EclipseLogger - Copying 1 resource
2016-10-03 13:25:29,125 [Worker-31] INFO  o.e.m.c.i.embedder.EclipseLogger - Using 'UTF-8' encoding to copy filtered resources.
2016-10-03 13:25:29,126 [Worker-31] INFO  o.e.m.c.i.embedder.EclipseLogger - Copying 0 resource
2016-10-03 14:53:56,676 [Worker-15] INFO  o.e.m.c.i.embedder.EclipseLogger - Using 'UTF-8' encoding to copy filtered resources.
2016-10-03 14:53:56,682 [Worker-15] INFO  o.e.m.c.i.embedder.EclipseLogger - Copying 1 resource
2016-10-03 14:53:56,692 [Worker-15] INFO  o.e.m.c.i.embedder.EclipseLogger - Using 'UTF-8' encoding to copy filtered resources.
2016-10-03 14:53:56,692 [Worker-15] INFO  o.e.m.c.i.embedder.EclipseLogger - Copying 1 resource
2016-10-07 14:18:12,798 [Worker-16] INFO  o.e.m.c.i.embedder.EclipseLogger - Using 'UTF-8' encoding to copy filtered resources.
2016-10-07 14:18:12,804 [Worker-16] INFO  o.e.m.c.i.embedder.EclipseLogger - Copying 1 resource
2016-10-07 14:18:12,811 [Worker-16] INFO  o.e.m.c.i.embedder.EclipseLogger - Using 'UTF-8' encoding to copy filtered resources.
2016-10-07 14:18:12,812 [Worker-16] INFO  o.e.m.c.i.embedder.EclipseLogger - Copying 1 resource
2016-10-07 14:18:14,333 [Worker-12] INFO  o.e.m.c.i.embedder.EclipseLogger - Using 'UTF-8' encoding to copy filtered resources.
2016-10-07 14:18:14,339 [Worker-12] INFO  o.e.m.c.i.embedder.EclipseLogger - Copying 1 resource
2016-10-07 14:18:14,341 [Worker-12] INFO  o.e.m.c.i.embedder.EclipseLogger - Using 'UTF-8' encoding to copy filtered resources.
2016-10-07 14:18:14,341 [Worker-12] INFO  o.e.m.c.i.embedder.EclipseLogger - Copying 0 resource
2016-10-07 14:22:32,776 [Worker-15] INFO  o.e.m.c.i.embedder.EclipseLogger - Using 'UTF-8' encoding to copy filtered resources.
2016-10-07 14:22:32,777 [Worker-15] INFO  o.e.m.c.i.embedder.EclipseLogger - Copying 1 resource
2016-10-07 14:22:32,779 [Worker-15] INFO  o.e.m.c.i.embedder.EclipseLogger - Using 'UTF-8' encoding to copy filtered resources.
2016-10-07 14:22:32,779 [Worker-15] INFO  o.e.m.c.i.embedder.EclipseLogger - Copying 0 resource
2016-10-07 14:22:58,501 [Worker-19] INFO  o.e.m.c.i.embedder.EclipseLogger - Using 'UTF-8' encoding to copy filtered resources.
2016-10-07 14:22:58,501 [Worker-19] INFO  o.e.m.c.i.embedder.EclipseLogger - Copying 1 resource
2016-10-07 14:22:58,502 [Worker-19] INFO  o.e.m.c.i.embedder.EclipseLogger - Using 'UTF-8' encoding to copy filtered resources.
2016-10-07 14:22:58,503 [Worker-19] INFO  o.e.m.c.i.embedder.EclipseLogger - Copying 0 resource
2016-10-07 14:24:36,598 [Worker-15] INFO  o.e.m.c.i.embedder.EclipseLogger - Using 'UTF-8' encoding to copy filtered resources.
2016-10-07 14:24:36,599 [Worker-15] INFO  o.e.m.c.i.embedder.EclipseLogger - Copying 1 resource
2016-10-07 14:24:36,600 [Worker-15] INFO  o.e.m.c.i.embedder.EclipseLogger - Using 'UTF-8' encoding to copy filtered resources.
2016-10-07 14:24:36,600 [Worker-15] INFO  o.e.m.c.i.embedder.EclipseLogger - Copying 0 resource
2016-10-07 14:25:58,635 [Worker-15] INFO  o.e.m.c.i.embedder.EclipseLogger - Using 'UTF-8' encoding to copy filtered resources.
2016-10-07 14:25:58,636 [Worker-15] INFO  o.e.m.c.i.embedder.EclipseLogger - Copying 1 resource
2016-10-07 14:25:58,637 [Worker-15] INFO  o.e.m.c.i.embedder.EclipseLogger - Using 'UTF-8' encoding to copy filtered resources.
2016-10-07 14:25:58,638 [Worker-15] INFO  o.e.m.c.i.embedder.EclipseLogger - Copying 0 resource
2016-10-07 14:29:20,024 [Worker-20] INFO  o.e.m.c.i.embedder.EclipseLogger - Using 'UTF-8' encoding to copy filtered resources.
2016-10-07 14:29:20,024 [Worker-20] INFO  o.e.m.c.i.embedder.EclipseLogger - Copying 1 resource
2016-10-07 14:29:20,025 [Worker-20] INFO  o.e.m.c.i.embedder.EclipseLogger - Using 'UTF-8' encoding to copy filtered resources.
2016-10-07 14:29:20,025 [Worker-20] INFO  o.e.m.c.i.embedder.EclipseLogger - Copying 0 resource
2016-10-07 14:32:36,615 [Worker-20] INFO  o.e.m.c.i.embedder.EclipseLogger - Using 'UTF-8' encoding to copy filtered resources.
2016-10-07 14:32:36,615 [Worker-20] INFO  o.e.m.c.i.embedder.EclipseLogger - Copying 1 resource
2016-10-07 14:32:36,618 [Worker-20] INFO  o.e.m.c.i.embedder.EclipseLogger - Using 'UTF-8' encoding to copy filtered resources.
2016-10-07 14:32:36,618 [Worker-20] INFO  o.e.m.c.i.embedder.EclipseLogger - Copying 0 resource
2016-10-07 14:32:50,850 [Worker-14] INFO  o.e.m.c.i.embedder.EclipseLogger - Using 'UTF-8' encoding to copy filtered resources.
2016-10-07 14:32:50,850 [Worker-14] INFO  o.e.m.c.i.embedder.EclipseLogger - Copying 1 resource
2016-10-07 14:32:50,851 [Worker-14] INFO  o.e.m.c.i.embedder.EclipseLogger - Using 'UTF-8' encoding to copy filtered resources.
2016-10-07 14:32:50,852 [Worker-14] INFO  o.e.m.c.i.embedder.EclipseLogger - Copying 0 resource
2016-10-07 14:35:01,756 [Worker-20] INFO  o.e.m.c.i.embedder.EclipseLogger - Using 'UTF-8' encoding to copy filtered resources.
2016-10-07 14:35:01,758 [Worker-20] INFO  o.e.m.c.i.embedder.EclipseLogger - Copying 1 resource
2016-10-07 14:35:01,759 [Worker-20] INFO  o.e.m.c.i.embedder.EclipseLogger - Using 'UTF-8' encoding to copy filtered resources.
2016-10-07 14:35:01,760 [Worker-20] INFO  o.e.m.c.i.embedder.EclipseLogger - Copying 0 resource
2016-10-07 14:37:21,228 [Worker-24] INFO  o.e.m.c.i.embedder.EclipseLogger - Using 'UTF-8' encoding to copy filtered resources.
2016-10-07 14:37:21,228 [Worker-24] INFO  o.e.m.c.i.embedder.EclipseLogger - Copying 1 resource
2016-10-07 14:37:21,229 [Worker-24] INFO  o.e.m.c.i.embedder.EclipseLogger - Using 'UTF-8' encoding to copy filtered resources.
2016-10-07 14:37:21,230 [Worker-24] INFO  o.e.m.c.i.embedder.EclipseLogger - Copying 0 resource
2016-10-07 14:38:54,423 [Worker-14] INFO  o.e.m.c.i.embedder.EclipseLogger - Using 'UTF-8' encoding to copy filtered resources.
2016-10-07 14:38:54,423 [Worker-14] INFO  o.e.m.c.i.embedder.EclipseLogger - Copying 1 resource
2016-10-07 14:38:54,424 [Worker-14] INFO  o.e.m.c.i.embedder.EclipseLogger - Using 'UTF-8' encoding to copy filtered resources.
2016-10-07 14:38:54,425 [Worker-14] INFO  o.e.m.c.i.embedder.EclipseLogger - Copying 0 resource
2016-10-07 14:42:08,146 [Worker-20] INFO  o.e.m.c.i.embedder.EclipseLogger - Using 'UTF-8' encoding to copy filtered resources.
2016-10-07 14:42:08,147 [Worker-20] INFO  o.e.m.c.i.embedder.EclipseLogger - Copying 0 resource
2016-10-07 14:42:08,148 [Worker-20] INFO  o.e.m.c.i.embedder.EclipseLogger - Using 'UTF-8' encoding to copy filtered resources.
2016-10-07 14:42:08,148 [Worker-20] INFO  o.e.m.c.i.embedder.EclipseLogger - Copying 0 resource
2016-10-07 14:45:57,820 [Worker-28] INFO  o.e.m.c.i.embedder.EclipseLogger - Using 'UTF-8' encoding to copy filtered resources.
2016-10-07 14:45:57,821 [Worker-28] INFO  o.e.m.c.i.embedder.EclipseLogger - Copying 1 resource
2016-10-07 14:45:57,822 [Worker-28] INFO  o.e.m.c.i.embedder.EclipseLogger - Using 'UTF-8' encoding to copy filtered resources.
2016-10-07 14:45:57,822 [Worker-28] INFO  o.e.m.c.i.embedder.EclipseLogger - Copying 0 resource
2016-10-07 14:48:25,433 [Worker-26] INFO  o.e.m.c.i.embedder.EclipseLogger - Using 'UTF-8' encoding to copy filtered resources.
2016-10-07 14:48:25,433 [Worker-26] INFO  o.e.m.c.i.embedder.EclipseLogger - Copying 1 resource
2016-10-07 14:48:25,434 [Worker-26] INFO  o.e.m.c.i.embedder.EclipseLogger - Using 'UTF-8' encoding to copy filtered resources.
2016-10-07 14:48:25,434 [Worker-26] INFO  o.e.m.c.i.embedder.EclipseLogger - Copying 0 resource
2016-10-07 14:57:05,150 [Worker-31] INFO  o.e.m.c.i.embedder.EclipseLogger - Using 'UTF-8' encoding to copy filtered resources.
2016-10-07 14:57:05,150 [Worker-31] INFO  o.e.m.c.i.embedder.EclipseLogger - Copying 1 resource
2016-10-07 14:57:05,152 [Worker-31] INFO  o.e.m.c.i.embedder.EclipseLogger - Using 'UTF-8' encoding to copy filtered resources.
2016-10-07 14:57:05,152 [Worker-31] INFO  o.e.m.c.i.embedder.EclipseLogger - Copying 0 resource
2016-10-07 14:59:45,798 [Worker-31] INFO  o.e.m.c.i.embedder.EclipseLogger - Using 'UTF-8' encoding to copy filtered resources.
2016-10-07 14:59:45,798 [Worker-31] INFO  o.e.m.c.i.embedder.EclipseLogger - Copying 1 resource
2016-10-07 14:59:45,799 [Worker-31] INFO  o.e.m.c.i.embedder.EclipseLogger - Using 'UTF-8' encoding to copy filtered resources.
2016-10-07 14:59:45,799 [Worker-31] INFO  o.e.m.c.i.embedder.EclipseLogger - Copying 0 resource
2016-10-07 15:00:43,009 [Worker-26] INFO  o.e.m.c.i.embedder.EclipseLogger - Using 'UTF-8' encoding to copy filtered resources.
2016-10-07 15:00:43,010 [Worker-26] INFO  o.e.m.c.i.embedder.EclipseLogger - Copying 1 resource
2016-10-07 15:00:43,011 [Worker-26] INFO  o.e.m.c.i.embedder.EclipseLogger - Using 'UTF-8' encoding to copy filtered resources.
2016-10-07 15:00:43,012 [Worker-26] INFO  o.e.m.c.i.embedder.EclipseLogger - Copying 0 resource
2016-10-07 15:28:07,605 [Worker-39] INFO  o.e.m.c.i.embedder.EclipseLogger - Using 'UTF-8' encoding to copy filtered resources.
2016-10-07 15:28:07,605 [Worker-39] INFO  o.e.m.c.i.embedder.EclipseLogger - Copying 1 resource
2016-10-07 15:28:07,607 [Worker-39] INFO  o.e.m.c.i.embedder.EclipseLogger - Using 'UTF-8' encoding to copy filtered resources.
2016-10-07 15:28:07,607 [Worker-39] INFO  o.e.m.c.i.embedder.EclipseLogger - Copying 0 resource
2016-10-07 15:28:59,260 [Worker-20] INFO  o.e.m.c.i.embedder.EclipseLogger - Using 'UTF-8' encoding to copy filtered resources.
2016-10-07 15:28:59,260 [Worker-20] INFO  o.e.m.c.i.embedder.EclipseLogger - Copying 1 resource
2016-10-07 15:28:59,261 [Worker-20] INFO  o.e.m.c.i.embedder.EclipseLogger - Using 'UTF-8' encoding to copy filtered resources.
2016-10-07 15:28:59,262 [Worker-20] INFO  o.e.m.c.i.embedder.EclipseLogger - Copying 0 resource
2016-10-07 15:29:31,059 [Worker-39] INFO  o.e.m.c.i.embedder.EclipseLogger - Using 'UTF-8' encoding to copy filtered resources.
2016-10-07 15:29:31,059 [Worker-39] INFO  o.e.m.c.i.embedder.EclipseLogger - Copying 1 resource
2016-10-07 15:29:31,060 [Worker-39] INFO  o.e.m.c.i.embedder.EclipseLogger - Using 'UTF-8' encoding to copy filtered resources.
2016-10-07 15:29:31,060 [Worker-39] INFO  o.e.m.c.i.embedder.EclipseLogger - Copying 0 resource
2016-10-07 15:30:19,685 [Worker-39] INFO  o.e.m.c.i.embedder.EclipseLogger - Using 'UTF-8' encoding to copy filtered resources.
2016-10-07 15:30:19,685 [Worker-39] INFO  o.e.m.c.i.embedder.EclipseLogger - Copying 1 resource
2016-10-07 15:30:19,686 [Worker-39] INFO  o.e.m.c.i.embedder.EclipseLogger - Using 'UTF-8' encoding to copy filtered resources.
2016-10-07 15:30:19,686 [Worker-39] INFO  o.e.m.c.i.embedder.EclipseLogger - Copying 0 resource
2016-10-07 15:32:36,866 [Worker-38] INFO  o.e.m.c.i.embedder.EclipseLogger - Using 'UTF-8' encoding to copy filtered resources.
2016-10-07 15:32:36,866 [Worker-38] INFO  o.e.m.c.i.embedder.EclipseLogger - Copying 1 resource
2016-10-07 15:32:36,867 [Worker-38] INFO  o.e.m.c.i.embedder.EclipseLogger - Using 'UTF-8' encoding to copy filtered resources.
2016-10-07 15:32:36,867 [Worker-38] INFO  o.e.m.c.i.embedder.EclipseLogger - Copying 0 resource
2016-10-07 15:36:42,696 [Worker-20] INFO  o.e.m.c.i.embedder.EclipseLogger - Using 'UTF-8' encoding to copy filtered resources.
2016-10-07 15:36:42,696 [Worker-20] INFO  o.e.m.c.i.embedder.EclipseLogger - Copying 1 resource
2016-10-07 15:36:42,697 [Worker-20] INFO  o.e.m.c.i.embedder.EclipseLogger - Using 'UTF-8' encoding to copy filtered resources.
2016-10-07 15:36:42,697 [Worker-20] INFO  o.e.m.c.i.embedder.EclipseLogger - Copying 0 resource
2016-10-07 15:39:16,201 [Worker-39] INFO  o.e.m.c.i.embedder.EclipseLogger - Using 'UTF-8' encoding to copy filtered resources.
2016-10-07 15:39:16,202 [Worker-39] INFO  o.e.m.c.i.embedder.EclipseLogger - Copying 1 resource
2016-10-07 15:39:16,203 [Worker-39] INFO  o.e.m.c.i.embedder.EclipseLogger - Using 'UTF-8' encoding to copy filtered resources.
2016-10-07 15:39:16,203 [Worker-39] INFO  o.e.m.c.i.embedder.EclipseLogger - Copying 0 resource
2016-10-07 15:45:59,335 [Worker-39] INFO  o.e.m.c.i.embedder.EclipseLogger - Using 'UTF-8' encoding to copy filtered resources.
2016-10-07 15:45:59,336 [Worker-39] INFO  o.e.m.c.i.embedder.EclipseLogger - Copying 1 resource
2016-10-07 15:45:59,337 [Worker-39] INFO  o.e.m.c.i.embedder.EclipseLogger - Using 'UTF-8' encoding to copy filtered resources.
2016-10-07 15:45:59,337 [Worker-39] INFO  o.e.m.c.i.embedder.EclipseLogger - Copying 0 resource
2016-10-07 15:48:44,604 [Worker-38] INFO  o.e.m.c.i.embedder.EclipseLogger - Using 'UTF-8' encoding to copy filtered resources.
2016-10-07 15:48:44,606 [Worker-38] INFO  o.e.m.c.i.embedder.EclipseLogger - Copying 1 resource
2016-10-07 15:48:44,608 [Worker-38] INFO  o.e.m.c.i.embedder.EclipseLogger - Using 'UTF-8' encoding to copy filtered resources.
2016-10-07 15:48:44,608 [Worker-38] INFO  o.e.m.c.i.embedder.EclipseLogger - Copying 0 resource
2016-10-07 15:50:01,293 [Worker-39] INFO  o.e.m.c.i.embedder.EclipseLogger - Using 'UTF-8' encoding to copy filtered resources.
2016-10-07 15:50:01,293 [Worker-39] INFO  o.e.m.c.i.embedder.EclipseLogger - Copying 1 resource
2016-10-07 15:50:01,294 [Worker-39] INFO  o.e.m.c.i.embedder.EclipseLogger - Using 'UTF-8' encoding to copy filtered resources.
2016-10-07 15:50:01,294 [Worker-39] INFO  o.e.m.c.i.embedder.EclipseLogger - Copying 0 resource
2016-10-07 15:50:18,945 [Worker-37] INFO  o.e.m.c.i.embedder.EclipseLogger - Using 'UTF-8' encoding to copy filtered resources.
2016-10-07 15:50:18,946 [Worker-37] INFO  o.e.m.c.i.embedder.EclipseLogger - Copying 1 resource
2016-10-07 15:50:18,946 [Worker-37] INFO  o.e.m.c.i.embedder.EclipseLogger - Using 'UTF-8' encoding to copy filtered resources.
2016-10-07 15:50:18,946 [Worker-37] INFO  o.e.m.c.i.embedder.EclipseLogger - Copying 0 resource
2016-10-07 15:51:30,173 [Worker-42] INFO  o.e.m.c.i.embedder.EclipseLogger - Using 'UTF-8' encoding to copy filtered resources.
2016-10-07 15:51:30,174 [Worker-42] INFO  o.e.m.c.i.embedder.EclipseLogger - Copying 1 resource
2016-10-07 15:51:30,174 [Worker-42] INFO  o.e.m.c.i.embedder.EclipseLogger - Using 'UTF-8' encoding to copy filtered resources.
2016-10-07 15:51:30,174 [Worker-42] INFO  o.e.m.c.i.embedder.EclipseLogger - Copying 0 resource
2016-10-07 15:52:01,101 [Worker-20] INFO  o.e.m.c.i.embedder.EclipseLogger - Using 'UTF-8' encoding to copy filtered resources.
2016-10-07 15:52:01,101 [Worker-20] INFO  o.e.m.c.i.embedder.EclipseLogger - Copying 1 resource
2016-10-07 15:52:01,102 [Worker-20] INFO  o.e.m.c.i.embedder.EclipseLogger - Using 'UTF-8' encoding to copy filtered resources.
2016-10-07 15:52:01,102 [Worker-20] INFO  o.e.m.c.i.embedder.EclipseLogger - Copying 0 resource
2016-10-07 15:55:22,552 [Worker-42] INFO  o.e.m.c.i.embedder.EclipseLogger - Using 'UTF-8' encoding to copy filtered resources.
2016-10-07 15:55:22,553 [Worker-42] INFO  o.e.m.c.i.embedder.EclipseLogger - Copying 1 resource
2016-10-07 15:55:22,554 [Worker-42] INFO  o.e.m.c.i.embedder.EclipseLogger - Using 'UTF-8' encoding to copy filtered resources.
2016-10-07 15:55:22,554 [Worker-42] INFO  o.e.m.c.i.embedder.EclipseLogger - Copying 0 resource
2016-10-07 15:55:52,102 [Worker-37] INFO  o.e.m.c.i.embedder.EclipseLogger - Using 'UTF-8' encoding to copy filtered resources.
2016-10-07 15:55:52,102 [Worker-37] INFO  o.e.m.c.i.embedder.EclipseLogger - Copying 1 resource
2016-10-07 15:55:52,103 [Worker-37] INFO  o.e.m.c.i.embedder.EclipseLogger - Using 'UTF-8' encoding to copy filtered resources.
2016-10-07 15:55:52,103 [Worker-37] INFO  o.e.m.c.i.embedder.EclipseLogger - Copying 0 resource
2016-10-07 15:55:59,305 [Worker-37] INFO  o.e.m.c.i.embedder.EclipseLogger - Using 'UTF-8' encoding to copy filtered resources.
2016-10-07 15:55:59,306 [Worker-37] INFO  o.e.m.c.i.embedder.EclipseLogger - Copying 1 resource
2016-10-07 15:55:59,307 [Worker-37] INFO  o.e.m.c.i.embedder.EclipseLogger - Using 'UTF-8' encoding to copy filtered resources.
2016-10-07 15:55:59,307 [Worker-37] INFO  o.e.m.c.i.embedder.EclipseLogger - Copying 0 resource
2016-10-07 16:00:34,971 [Worker-42] INFO  o.e.m.c.i.embedder.EclipseLogger - Using 'UTF-8' encoding to copy filtered resources.
2016-10-07 16:00:34,971 [Worker-42] INFO  o.e.m.c.i.embedder.EclipseLogger - Copying 1 resource
2016-10-07 16:00:34,972 [Worker-42] INFO  o.e.m.c.i.embedder.EclipseLogger - Using 'UTF-8' encoding to copy filtered resources.
2016-10-07 16:00:34,972 [Worker-42] INFO  o.e.m.c.i.embedder.EclipseLogger - Copying 0 resource
2016-10-07 16:01:00,107 [Worker-38] INFO  o.e.m.c.i.embedder.EclipseLogger - Using 'UTF-8' encoding to copy filtered resources.
2016-10-07 16:01:00,108 [Worker-38] INFO  o.e.m.c.i.embedder.EclipseLogger - Copying 1 resource
2016-10-07 16:01:00,109 [Worker-38] INFO  o.e.m.c.i.embedder.EclipseLogger - Using 'UTF-8' encoding to copy filtered resources.
2016-10-07 16:01:00,109 [Worker-38] INFO  o.e.m.c.i.embedder.EclipseLogger - Copying 0 resource
2016-10-07 16:01:16,562 [Worker-39] INFO  o.e.m.c.i.embedder.EclipseLogger - Using 'UTF-8' encoding to copy filtered resources.
2016-10-07 16:01:16,562 [Worker-39] INFO  o.e.m.c.i.embedder.EclipseLogger - Copying 1 resource
2016-10-07 16:01:16,563 [Worker-39] INFO  o.e.m.c.i.embedder.EclipseLogger - Using 'UTF-8' encoding to copy filtered resources.
2016-10-07 16:01:16,563 [Worker-39] INFO  o.e.m.c.i.embedder.EclipseLogger - Copying 0 resource
2016-10-07 16:01:50,296 [Worker-39] INFO  o.e.m.c.i.embedder.EclipseLogger - Using 'UTF-8' encoding to copy filtered resources.
2016-10-07 16:01:50,297 [Worker-39] INFO  o.e.m.c.i.embedder.EclipseLogger - Copying 1 resource
2016-10-07 16:01:50,297 [Worker-39] INFO  o.e.m.c.i.embedder.EclipseLogger - Using 'UTF-8' encoding to copy filtered resources.
2016-10-07 16:01:50,298 [Worker-39] INFO  o.e.m.c.i.embedder.EclipseLogger - Copying 0 resource
2016-10-07 16:05:27,015 [Worker-42] INFO  o.e.m.c.i.embedder.EclipseLogger - Using 'UTF-8' encoding to copy filtered resources.
2016-10-07 16:05:27,017 [Worker-42] INFO  o.e.m.c.i.embedder.EclipseLogger - Copying 1 resource
2016-10-07 16:05:27,018 [Worker-42] INFO  o.e.m.c.i.embedder.EclipseLogger - Using 'UTF-8' encoding to copy filtered resources.
2016-10-07 16:05:27,018 [Worker-42] INFO  o.e.m.c.i.embedder.EclipseLogger - Copying 0 resource
2016-10-07 16:05:49,380 [Worker-39] INFO  o.e.m.c.i.embedder.EclipseLogger - Using 'UTF-8' encoding to copy filtered resources.
2016-10-07 16:05:49,380 [Worker-39] INFO  o.e.m.c.i.embedder.EclipseLogger - Copying 1 resource
2016-10-07 16:05:49,381 [Worker-39] INFO  o.e.m.c.i.embedder.EclipseLogger - Using 'UTF-8' encoding to copy filtered resources.
2016-10-07 16:05:49,382 [Worker-39] INFO  o.e.m.c.i.embedder.EclipseLogger - Copying 0 resource
2016-10-07 16:06:45,768 [Worker-20] INFO  o.e.m.c.i.embedder.EclipseLogger - Using 'UTF-8' encoding to copy filtered resources.
2016-10-07 16:06:45,768 [Worker-20] INFO  o.e.m.c.i.embedder.EclipseLogger - Copying 1 resource
2016-10-07 16:06:45,768 [Worker-20] INFO  o.e.m.c.i.embedder.EclipseLogger - Using 'UTF-8' encoding to copy filtered resources.
2016-10-07 16:06:45,769 [Worker-20] INFO  o.e.m.c.i.embedder.EclipseLogger - Copying 0 resource
2016-10-07 16:12:44,052 [Worker-38] INFO  o.e.m.c.i.embedder.EclipseLogger - Using 'UTF-8' encoding to copy filtered resources.
2016-10-07 16:12:44,053 [Worker-38] INFO  o.e.m.c.i.embedder.EclipseLogger - Copying 1 resource
2016-10-07 16:12:44,054 [Worker-38] INFO  o.e.m.c.i.embedder.EclipseLogger - Using 'UTF-8' encoding to copy filtered resources.
2016-10-07 16:12:44,054 [Worker-38] INFO  o.e.m.c.i.embedder.EclipseLogger - Copying 0 resource
2016-10-07 16:13:35,097 [Worker-39] INFO  o.e.m.c.i.embedder.EclipseLogger - Using 'UTF-8' encoding to copy filtered resources.
2016-10-07 16:13:35,097 [Worker-39] INFO  o.e.m.c.i.embedder.EclipseLogger - Copying 1 resource
2016-10-07 16:13:35,098 [Worker-39] INFO  o.e.m.c.i.embedder.EclipseLogger - Using 'UTF-8' encoding to copy filtered resources.
2016-10-07 16:13:35,098 [Worker-39] INFO  o.e.m.c.i.embedder.EclipseLogger - Copying 0 resource
2016-10-07 16:14:11,941 [Worker-44] INFO  o.e.m.c.i.embedder.EclipseLogger - Using 'UTF-8' encoding to copy filtered resources.
2016-10-07 16:14:11,942 [Worker-44] INFO  o.e.m.c.i.embedder.EclipseLogger - Copying 1 resource
2016-10-07 16:14:11,943 [Worker-44] INFO  o.e.m.c.i.embedder.EclipseLogger - Using 'UTF-8' encoding to copy filtered resources.
2016-10-07 16:14:11,943 [Worker-44] INFO  o.e.m.c.i.embedder.EclipseLogger - Copying 0 resource
2016-10-07 16:21:17,764 [Worker-20] INFO  o.e.m.c.i.embedder.EclipseLogger - Using 'UTF-8' encoding to copy filtered resources.
2016-10-07 16:21:17,765 [Worker-20] INFO  o.e.m.c.i.embedder.EclipseLogger - Copying 1 resource
2016-10-07 16:21:17,765 [Worker-20] INFO  o.e.m.c.i.embedder.EclipseLogger - Using 'UTF-8' encoding to copy filtered resources.
2016-10-07 16:21:17,765 [Worker-20] INFO  o.e.m.c.i.embedder.EclipseLogger - Copying 0 resource
2016-10-07 16:30:03,474 [Worker-46] INFO  o.e.m.c.i.embedder.EclipseLogger - Using 'UTF-8' encoding to copy filtered resources.
2016-10-07 16:30:03,474 [Worker-46] INFO  o.e.m.c.i.embedder.EclipseLogger - Copying 1 resource
2016-10-07 16:30:03,475 [Worker-46] INFO  o.e.m.c.i.embedder.EclipseLogger - Using 'UTF-8' encoding to copy filtered resources.
2016-10-07 16:30:03,475 [Worker-46] INFO  o.e.m.c.i.embedder.EclipseLogger - Copying 0 resource
2016-10-07 16:38:05,422 [Worker-46] INFO  o.e.m.c.i.embedder.EclipseLogger - Using 'UTF-8' encoding to copy filtered resources.
2016-10-07 16:38:05,422 [Worker-46] INFO  o.e.m.c.i.embedder.EclipseLogger - Copying 1 resource
2016-10-07 16:38:05,423 [Worker-46] INFO  o.e.m.c.i.embedder.EclipseLogger - Using 'UTF-8' encoding to copy filtered resources.
2016-10-07 16:38:05,423 [Worker-46] INFO  o.e.m.c.i.embedder.EclipseLogger - Copying 0 resource
2016-10-07 16:50:12,441 [Worker-46] INFO  o.e.m.c.i.embedder.EclipseLogger - Using 'UTF-8' encoding to copy filtered resources.
2016-10-07 16:50:12,441 [Worker-46] INFO  o.e.m.c.i.embedder.EclipseLogger - Copying 1 resource
2016-10-07 16:50:12,442 [Worker-46] INFO  o.e.m.c.i.embedder.EclipseLogger - Using 'UTF-8' encoding to copy filtered resources.
2016-10-07 16:50:12,443 [Worker-46] INFO  o.e.m.c.i.embedder.EclipseLogger - Copying 0 resource
2016-10-07 16:51:04,244 [Worker-48] INFO  o.e.m.c.i.embedder.EclipseLogger - Using 'UTF-8' encoding to copy filtered resources.
2016-10-07 16:51:04,244 [Worker-48] INFO  o.e.m.c.i.embedder.EclipseLogger - Copying 1 resource
2016-10-07 16:51:04,245 [Worker-48] INFO  o.e.m.c.i.embedder.EclipseLogger - Using 'UTF-8' encoding to copy filtered resources.
2016-10-07 16:51:04,245 [Worker-48] INFO  o.e.m.c.i.embedder.EclipseLogger - Copying 0 resource
2016-10-07 16:52:19,966 [Worker-49] INFO  o.e.m.c.i.embedder.EclipseLogger - Using 'UTF-8' encoding to copy filtered resources.
2016-10-07 16:52:19,966 [Worker-49] INFO  o.e.m.c.i.embedder.EclipseLogger - Copying 1 resource
2016-10-07 16:52:19,967 [Worker-49] INFO  o.e.m.c.i.embedder.EclipseLogger - Using 'UTF-8' encoding to copy filtered resources.
2016-10-07 16:52:19,967 [Worker-49] INFO  o.e.m.c.i.embedder.EclipseLogger - Copying 0 resource
2016-10-07 16:54:33,990 [Worker-45] INFO  o.e.m.c.i.embedder.EclipseLogger - Using 'UTF-8' encoding to copy filtered resources.
2016-10-07 16:54:33,990 [Worker-45] INFO  o.e.m.c.i.embedder.EclipseLogger - Copying 1 resource
2016-10-07 16:54:33,991 [Worker-45] INFO  o.e.m.c.i.embedder.EclipseLogger - Using 'UTF-8' encoding to copy filtered resources.
2016-10-07 16:54:33,991 [Worker-45] INFO  o.e.m.c.i.embedder.EclipseLogger - Copying 0 resource
2016-10-07 16:59:45,089 [Worker-46] INFO  o.e.m.c.i.embedder.EclipseLogger - Using 'UTF-8' encoding to copy filtered resources.
2016-10-07 16:59:45,090 [Worker-46] INFO  o.e.m.c.i.embedder.EclipseLogger - Copying 1 resource
2016-10-07 16:59:45,091 [Worker-46] INFO  o.e.m.c.i.embedder.EclipseLogger - Using 'UTF-8' encoding to copy filtered resources.
2016-10-07 16:59:45,091 [Worker-46] INFO  o.e.m.c.i.embedder.EclipseLogger - Copying 0 resource
2016-10-07 16:59:51,257 [Worker-50] INFO  o.e.m.c.i.embedder.EclipseLogger - Using 'UTF-8' encoding to copy filtered resources.
2016-10-07 16:59:51,257 [Worker-50] INFO  o.e.m.c.i.embedder.EclipseLogger - Copying 1 resource
2016-10-07 16:59:51,258 [Worker-50] INFO  o.e.m.c.i.embedder.EclipseLogger - Using 'UTF-8' encoding to copy filtered resources.
2016-10-07 16:59:51,259 [Worker-50] INFO  o.e.m.c.i.embedder.EclipseLogger - Copying 0 resource
2016-10-07 17:00:07,239 [Worker-44] INFO  o.e.m.c.i.embedder.EclipseLogger - Using 'UTF-8' encoding to copy filtered resources.
2016-10-07 17:00:07,239 [Worker-44] INFO  o.e.m.c.i.embedder.EclipseLogger - Copying 1 resource
2016-10-07 17:00:07,240 [Worker-44] INFO  o.e.m.c.i.embedder.EclipseLogger - Using 'UTF-8' encoding to copy filtered resources.
2016-10-07 17:00:07,240 [Worker-44] INFO  o.e.m.c.i.embedder.EclipseLogger - Copying 0 resource
2016-10-07 17:02:18,549 [Worker-47] INFO  o.e.m.c.i.embedder.EclipseLogger - Using 'UTF-8' encoding to copy filtered resources.
2016-10-07 17:02:18,550 [Worker-47] INFO  o.e.m.c.i.embedder.EclipseLogger - Copying 1 resource
2016-10-07 17:02:18,550 [Worker-47] INFO  o.e.m.c.i.embedder.EclipseLogger - Using 'UTF-8' encoding to copy filtered resources.
2016-10-07 17:02:18,550 [Worker-47] INFO  o.e.m.c.i.embedder.EclipseLogger - Copying 0 resource
2016-10-07 17:04:14,706 [Worker-47] INFO  o.e.m.c.i.embedder.EclipseLogger - Using 'UTF-8' encoding to copy filtered resources.
2016-10-07 17:04:14,707 [Worker-47] INFO  o.e.m.c.i.embedder.EclipseLogger - Copying 1 resource
2016-10-07 17:04:14,708 [Worker-47] INFO  o.e.m.c.i.embedder.EclipseLogger - Using 'UTF-8' encoding to copy filtered resources.
2016-10-07 17:04:14,708 [Worker-47] INFO  o.e.m.c.i.embedder.EclipseLogger - Copying 0 resource
2016-10-07 17:11:28,891 [Worker-50] INFO  o.e.m.c.i.embedder.EclipseLogger - Using 'UTF-8' encoding to copy filtered resources.
2016-10-07 17:11:28,891 [Worker-50] INFO  o.e.m.c.i.embedder.EclipseLogger - Copying 1 resource
2016-10-07 17:11:28,892 [Worker-50] INFO  o.e.m.c.i.embedder.EclipseLogger - Using 'UTF-8' encoding to copy filtered resources.
2016-10-07 17:11:28,892 [Worker-50] INFO  o.e.m.c.i.embedder.EclipseLogger - Copying 0 resource
2016-10-07 17:15:59,610 [Worker-51] INFO  o.e.m.c.i.embedder.EclipseLogger - Using 'UTF-8' encoding to copy filtered resources.
2016-10-07 17:15:59,612 [Worker-51] INFO  o.e.m.c.i.embedder.EclipseLogger - Copying 1 resource
2016-10-07 17:15:59,613 [Worker-51] INFO  o.e.m.c.i.embedder.EclipseLogger - Using 'UTF-8' encoding to copy filtered resources.
2016-10-07 17:15:59,613 [Worker-51] INFO  o.e.m.c.i.embedder.EclipseLogger - Copying 0 resource
2016-10-07 17:20:56,659 [Worker-54] INFO  o.e.m.c.i.embedder.EclipseLogger - Using 'UTF-8' encoding to copy filtered resources.
2016-10-07 17:20:56,660 [Worker-54] INFO  o.e.m.c.i.embedder.EclipseLogger - Copying 1 resource
2016-10-07 17:20:56,661 [Worker-54] INFO  o.e.m.c.i.embedder.EclipseLogger - Using 'UTF-8' encoding to copy filtered resources.
2016-10-07 17:20:56,661 [Worker-54] INFO  o.e.m.c.i.embedder.EclipseLogger - Copying 0 resource
2016-10-07 17:26:16,172 [Worker-51] INFO  o.e.m.c.i.embedder.EclipseLogger - Using 'UTF-8' encoding to copy filtered resources.
2016-10-07 17:26:16,174 [Worker-51] INFO  o.e.m.c.i.embedder.EclipseLogger - Copying 1 resource
2016-10-07 17:26:16,175 [Worker-51] INFO  o.e.m.c.i.embedder.EclipseLogger - Using 'UTF-8' encoding to copy filtered resources.
2016-10-07 17:26:16,175 [Worker-51] INFO  o.e.m.c.i.embedder.EclipseLogger - Copying 0 resource
2016-10-07 17:27:17,214 [Worker-55] INFO  o.e.m.c.i.embedder.EclipseLogger - Using 'UTF-8' encoding to copy filtered resources.
2016-10-07 17:27:17,214 [Worker-55] INFO  o.e.m.c.i.embedder.EclipseLogger - Copying 1 resource
2016-10-07 17:27:17,215 [Worker-55] INFO  o.e.m.c.i.embedder.EclipseLogger - Using 'UTF-8' encoding to copy filtered resources.
2016-10-07 17:27:17,215 [Worker-55] INFO  o.e.m.c.i.embedder.EclipseLogger - Copying 0 resource
2016-10-07 17:28:15,938 [Worker-51] INFO  o.e.m.c.i.embedder.EclipseLogger - Using 'UTF-8' encoding to copy filtered resources.
2016-10-07 17:28:15,938 [Worker-51] INFO  o.e.m.c.i.embedder.EclipseLogger - Copying 1 resource
2016-10-07 17:28:15,939 [Worker-51] INFO  o.e.m.c.i.embedder.EclipseLogger - Using 'UTF-8' encoding to copy filtered resources.
2016-10-07 17:28:15,939 [Worker-51] INFO  o.e.m.c.i.embedder.EclipseLogger - Copying 0 resource
2016-10-07 17:30:14,301 [Worker-54] INFO  o.e.m.c.i.embedder.EclipseLogger - Using 'UTF-8' encoding to copy filtered resources.
2016-10-07 17:30:14,301 [Worker-54] INFO  o.e.m.c.i.embedder.EclipseLogger - Copying 1 resource
2016-10-07 17:30:14,302 [Worker-54] INFO  o.e.m.c.i.embedder.EclipseLogger - Using 'UTF-8' encoding to copy filtered resources.
2016-10-07 17:30:14,302 [Worker-54] INFO  o.e.m.c.i.embedder.EclipseLogger - Copying 0 resource
2016-10-07 17:30:46,649 [Worker-55] INFO  o.e.m.c.i.embedder.EclipseLogger - Using 'UTF-8' encoding to copy filtered resources.
2016-10-07 17:30:46,649 [Worker-55] INFO  o.e.m.c.i.embedder.EclipseLogger - Copying 1 resource
2016-10-07 17:30:46,651 [Worker-55] INFO  o.e.m.c.i.embedder.EclipseLogger - Using 'UTF-8' encoding to copy filtered resources.
2016-10-07 17:30:46,651 [Worker-55] INFO  o.e.m.c.i.embedder.EclipseLogger - Copying 0 resource
2016-10-07 17:31:06,758 [Worker-55] INFO  o.e.m.c.i.embedder.EclipseLogger - Using 'UTF-8' encoding to copy filtered resources.
2016-10-07 17:31:06,759 [Worker-55] INFO  o.e.m.c.i.embedder.EclipseLogger - Copying 1 resource
2016-10-07 17:31:06,760 [Worker-55] INFO  o.e.m.c.i.embedder.EclipseLogger - Using 'UTF-8' encoding to copy filtered resources.
2016-10-07 17:31:06,760 [Worker-55] INFO  o.e.m.c.i.embedder.EclipseLogger - Copying 0 resource
2016-10-07 17:32:12,708 [Worker-51] INFO  o.e.m.c.i.embedder.EclipseLogger - Using 'UTF-8' encoding to copy filtered resources.
2016-10-07 17:32:12,708 [Worker-51] INFO  o.e.m.c.i.embedder.EclipseLogger - Copying 1 resource
2016-10-07 17:32:12,709 [Worker-51] INFO  o.e.m.c.i.embedder.EclipseLogger - Using 'UTF-8' encoding to copy filtered resources.
2016-10-07 17:32:12,709 [Worker-51] INFO  o.e.m.c.i.embedder.EclipseLogger - Copying 0 resource
2016-10-07 17:35:41,195 [Worker-51] INFO  o.e.m.c.i.embedder.EclipseLogger - Using 'UTF-8' encoding to copy filtered resources.
2016-10-07 17:35:41,195 [Worker-51] INFO  o.e.m.c.i.embedder.EclipseLogger - Copying 1 resource
2016-10-07 17:35:41,196 [Worker-51] INFO  o.e.m.c.i.embedder.EclipseLogger - Using 'UTF-8' encoding to copy filtered resources.
2016-10-07 17:35:41,196 [Worker-51] INFO  o.e.m.c.i.embedder.EclipseLogger - Copying 0 resource
2016-10-07 17:36:58,997 [Worker-52] INFO  o.e.m.c.i.embedder.EclipseLogger - Using 'UTF-8' encoding to copy filtered resources.
2016-10-07 17:36:58,997 [Worker-52] INFO  o.e.m.c.i.embedder.EclipseLogger - Copying 1 resource
2016-10-07 17:36:58,998 [Worker-52] INFO  o.e.m.c.i.embedder.EclipseLogger - Using 'UTF-8' encoding to copy filtered resources.
2016-10-07 17:36:58,998 [Worker-52] INFO  o.e.m.c.i.embedder.EclipseLogger - Copying 0 resource
2016-10-07 17:37:10,484 [Worker-56] INFO  o.e.m.c.i.embedder.EclipseLogger - Using 'UTF-8' encoding to copy filtered resources.
2016-10-07 17:37:10,485 [Worker-56] INFO  o.e.m.c.i.embedder.EclipseLogger - Copying 1 resource
2016-10-07 17:37:10,486 [Worker-56] INFO  o.e.m.c.i.embedder.EclipseLogger - Using 'UTF-8' encoding to copy filtered resources.
2016-10-07 17:37:10,486 [Worker-56] INFO  o.e.m.c.i.embedder.EclipseLogger - Copying 0 resource
2016-10-07 17:42:03,426 [Worker-51] INFO  o.e.m.c.i.embedder.EclipseLogger - Using 'UTF-8' encoding to copy filtered resources.
2016-10-07 17:42:03,426 [Worker-51] INFO  o.e.m.c.i.embedder.EclipseLogger - Copying 1 resource
2016-10-07 17:42:03,427 [Worker-51] INFO  o.e.m.c.i.embedder.EclipseLogger - Using 'UTF-8' encoding to copy filtered resources.
2016-10-07 17:42:03,427 [Worker-51] INFO  o.e.m.c.i.embedder.EclipseLogger - Copying 0 resource
2016-10-07 17:43:58,899 [Worker-57] INFO  o.e.m.c.i.embedder.EclipseLogger - Using 'UTF-8' encoding to copy filtered resources.
2016-10-07 17:43:58,899 [Worker-57] INFO  o.e.m.c.i.embedder.EclipseLogger - Copying 1 resource
2016-10-07 17:43:58,900 [Worker-57] INFO  o.e.m.c.i.embedder.EclipseLogger - Using 'UTF-8' encoding to copy filtered resources.
2016-10-07 17:43:58,900 [Worker-57] INFO  o.e.m.c.i.embedder.EclipseLogger - Copying 0 resource
2016-10-07 17:44:18,698 [Worker-51] INFO  o.e.m.c.i.embedder.EclipseLogger - Using 'UTF-8' encoding to copy filtered resources.
2016-10-07 17:44:18,698 [Worker-51] INFO  o.e.m.c.i.embedder.EclipseLogger - Copying 1 resource
2016-10-07 17:44:18,699 [Worker-51] INFO  o.e.m.c.i.embedder.EclipseLogger - Using 'UTF-8' encoding to copy filtered resources.
2016-10-07 17:44:18,699 [Worker-51] INFO  o.e.m.c.i.embedder.EclipseLogger - Copying 0 resource
2016-10-07 17:44:34,240 [Worker-56] INFO  o.e.m.c.i.embedder.EclipseLogger - Using 'UTF-8' encoding to copy filtered resources.
2016-10-07 17:44:34,240 [Worker-56] INFO  o.e.m.c.i.embedder.EclipseLogger - Copying 1 resource
2016-10-07 17:44:34,241 [Worker-56] INFO  o.e.m.c.i.embedder.EclipseLogger - Using 'UTF-8' encoding to copy filtered resources.
2016-10-07 17:44:34,241 [Worker-56] INFO  o.e.m.c.i.embedder.EclipseLogger - Copying 0 resource
2016-10-07 17:46:50,896 [Worker-57] INFO  o.e.m.c.i.embedder.EclipseLogger - Using 'UTF-8' encoding to copy filtered resources.
2016-10-07 17:46:50,896 [Worker-57] INFO  o.e.m.c.i.embedder.EclipseLogger - Copying 1 resource
2016-10-07 17:46:50,897 [Worker-57] INFO  o.e.m.c.i.embedder.EclipseLogger - Using 'UTF-8' encoding to copy filtered resources.
2016-10-07 17:46:50,897 [Worker-57] INFO  o.e.m.c.i.embedder.EclipseLogger - Copying 0 resource
2016-10-07 17:48:44,885 [Worker-51] INFO  o.e.m.c.i.embedder.EclipseLogger - Using 'UTF-8' encoding to copy filtered resources.
2016-10-07 17:48:44,886 [Worker-51] INFO  o.e.m.c.i.embedder.EclipseLogger - Copying 1 resource
2016-10-07 17:48:44,887 [Worker-51] INFO  o.e.m.c.i.embedder.EclipseLogger - Using 'UTF-8' encoding to copy filtered resources.
2016-10-07 17:48:44,887 [Worker-51] INFO  o.e.m.c.i.embedder.EclipseLogger - Copying 0 resource
2016-10-07 17:51:16,748 [Worker-57] INFO  o.e.m.c.i.embedder.EclipseLogger - Using 'UTF-8' encoding to copy filtered resources.
2016-10-07 17:51:16,749 [Worker-57] INFO  o.e.m.c.i.embedder.EclipseLogger - Copying 1 resource
2016-10-07 17:51:16,750 [Worker-57] INFO  o.e.m.c.i.embedder.EclipseLogger - Using 'UTF-8' encoding to copy filtered resources.
2016-10-07 17:51:16,750 [Worker-57] INFO  o.e.m.c.i.embedder.EclipseLogger - Copying 0 resource
2016-10-07 17:54:13,427 [Worker-55] INFO  o.e.m.c.i.embedder.EclipseLogger - Using 'UTF-8' encoding to copy filtered resources.
2016-10-07 17:54:13,427 [Worker-55] INFO  o.e.m.c.i.embedder.EclipseLogger - Copying 1 resource
2016-10-07 17:54:13,428 [Worker-55] INFO  o.e.m.c.i.embedder.EclipseLogger - Using 'UTF-8' encoding to copy filtered resources.
2016-10-07 17:54:13,428 [Worker-55] INFO  o.e.m.c.i.embedder.EclipseLogger - Copying 0 resource
2016-10-07 17:54:15,584 [main] INFO  c.g.t.t.d.PublishedGradleVersions - Gradle version information cache file is out-of-date. Remote download required.
2016-10-07 17:54:38,344 [Worker-51] INFO  o.e.m.c.i.embedder.EclipseLogger - Using 'UTF-8' encoding to copy filtered resources.
2016-10-07 17:54:38,344 [Worker-51] INFO  o.e.m.c.i.embedder.EclipseLogger - Copying 1 resource
2016-10-07 17:54:38,345 [Worker-51] INFO  o.e.m.c.i.embedder.EclipseLogger - Using 'UTF-8' encoding to copy filtered resources.
2016-10-07 17:54:38,345 [Worker-51] INFO  o.e.m.c.i.embedder.EclipseLogger - Copying 0 resource
2016-10-07 17:57:21,415 [Worker-57] INFO  o.e.m.c.i.embedder.EclipseLogger - Using 'UTF-8' encoding to copy filtered resources.
2016-10-07 17:57:21,416 [Worker-57] INFO  o.e.m.c.i.embedder.EclipseLogger - Copying 1 resource
2016-10-07 17:57:21,416 [Worker-57] INFO  o.e.m.c.i.embedder.EclipseLogger - Using 'UTF-8' encoding to copy filtered resources.
2016-10-07 17:57:21,417 [Worker-57] INFO  o.e.m.c.i.embedder.EclipseLogger - Copying 0 resource
2016-10-07 17:57:32,146 [Worker-55] INFO  o.e.m.c.i.embedder.EclipseLogger - Using 'UTF-8' encoding to copy filtered resources.
2016-10-07 17:57:32,147 [Worker-55] INFO  o.e.m.c.i.embedder.EclipseLogger - Copying 1 resource
2016-10-07 17:57:32,148 [Worker-55] INFO  o.e.m.c.i.embedder.EclipseLogger - Using 'UTF-8' encoding to copy filtered resources.
2016-10-07 17:57:32,148 [Worker-55] INFO  o.e.m.c.i.embedder.EclipseLogger - Copying 0 resource
2016-10-07 18:01:14,907 [Worker-51] INFO  o.e.m.c.i.embedder.EclipseLogger - Using 'UTF-8' encoding to copy filtered resources.
2016-10-07 18:01:14,908 [Worker-51] INFO  o.e.m.c.i.embedder.EclipseLogger - Copying 1 resource
2016-10-07 18:01:14,908 [Worker-51] INFO  o.e.m.c.i.embedder.EclipseLogger - Using 'UTF-8' encoding to copy filtered resources.
2016-10-07 18:01:14,909 [Worker-51] INFO  o.e.m.c.i.embedder.EclipseLogger - Copying 0 resource
2016-10-07 18:01:35,200 [Worker-58] INFO  o.e.m.c.i.embedder.EclipseLogger - Using 'UTF-8' encoding to copy filtered resources.
2016-10-07 18:01:35,201 [Worker-58] INFO  o.e.m.c.i.embedder.EclipseLogger - Copying 1 resource
2016-10-07 18:01:35,202 [Worker-58] INFO  o.e.m.c.i.embedder.EclipseLogger - Using 'UTF-8' encoding to copy filtered resources.
2016-10-07 18:01:35,202 [Worker-58] INFO  o.e.m.c.i.embedder.EclipseLogger - Copying 0 resource
2016-10-07 18:01:46,848 [Worker-52] INFO  o.e.m.c.i.embedder.EclipseLogger - Using 'UTF-8' encoding to copy filtered resources.
2016-10-07 18:01:46,848 [Worker-52] INFO  o.e.m.c.i.embedder.EclipseLogger - Copying 1 resource
2016-10-07 18:01:46,849 [Worker-52] INFO  o.e.m.c.i.embedder.EclipseLogger - Using 'UTF-8' encoding to copy filtered resources.
2016-10-07 18:01:46,849 [Worker-52] INFO  o.e.m.c.i.embedder.EclipseLogger - Copying 0 resource
2016-10-07 18:04:53,004 [Worker-60] INFO  o.e.m.c.i.embedder.EclipseLogger - Using 'UTF-8' encoding to copy filtered resources.
2016-10-07 18:04:53,004 [Worker-60] INFO  o.e.m.c.i.embedder.EclipseLogger - Copying 1 resource
2016-10-07 18:04:53,005 [Worker-60] INFO  o.e.m.c.i.embedder.EclipseLogger - Using 'UTF-8' encoding to copy filtered resources.
2016-10-07 18:04:53,005 [Worker-60] INFO  o.e.m.c.i.embedder.EclipseLogger - Copying 0 resource
2016-10-07 18:05:42,233 [Worker-55] INFO  o.e.m.c.i.embedder.EclipseLogger - Using 'UTF-8' encoding to copy filtered resources.
2016-10-07 18:05:42,233 [Worker-55] INFO  o.e.m.c.i.embedder.EclipseLogger - Copying 1 resource
2016-10-07 18:05:42,233 [Worker-55] INFO  o.e.m.c.i.embedder.EclipseLogger - Using 'UTF-8' encoding to copy filtered resources.
2016-10-07 18:05:42,234 [Worker-55] INFO  o.e.m.c.i.embedder.EclipseLogger - Copying 0 resource
2016-10-07 18:06:00,551 [Worker-55] INFO  o.e.m.c.i.embedder.EclipseLogger - Using 'UTF-8' encoding to copy filtered resources.
2016-10-07 18:06:00,551 [Worker-55] INFO  o.e.m.c.i.embedder.EclipseLogger - Copying 1 resource
2016-10-07 18:06:00,552 [Worker-55] INFO  o.e.m.c.i.embedder.EclipseLogger - Using 'UTF-8' encoding to copy filtered resources.
2016-10-07 18:06:00,552 [Worker-55] INFO  o.e.m.c.i.embedder.EclipseLogger - Copying 0 resource
2016-10-07 18:14:18,261 [Worker-57] INFO  o.e.m.c.i.embedder.EclipseLogger - Using 'UTF-8' encoding to copy filtered resources.
2016-10-07 18:14:18,261 [Worker-57] INFO  o.e.m.c.i.embedder.EclipseLogger - Copying 1 resource
2016-10-07 18:14:18,262 [Worker-57] INFO  o.e.m.c.i.embedder.EclipseLogger - Using 'UTF-8' encoding to copy filtered resources.
2016-10-07 18:14:18,262 [Worker-57] INFO  o.e.m.c.i.embedder.EclipseLogger - Copying 0 resource
2016-10-07 18:14:43,591 [Worker-57] INFO  o.e.m.c.i.embedder.EclipseLogger - Using 'UTF-8' encoding to copy filtered resources.
2016-10-07 18:14:43,591 [Worker-57] INFO  o.e.m.c.i.embedder.EclipseLogger - Copying 1 resource
2016-10-07 18:14:43,591 [Worker-57] INFO  o.e.m.c.i.embedder.EclipseLogger - Using 'UTF-8' encoding to copy filtered resources.
2016-10-07 18:14:43,592 [Worker-57] INFO  o.e.m.c.i.embedder.EclipseLogger - Copying 0 resource
2016-10-07 18:15:55,702 [Worker-58] INFO  o.e.m.c.i.embedder.EclipseLogger - Using 'UTF-8' encoding to copy filtered resources.
2016-10-07 18:15:55,703 [Worker-58] INFO  o.e.m.c.i.embedder.EclipseLogger - Copying 1 resource
2016-10-07 18:15:55,704 [Worker-58] INFO  o.e.m.c.i.embedder.EclipseLogger - Using 'UTF-8' encoding to copy filtered resources.
2016-10-07 18:15:55,704 [Worker-58] INFO  o.e.m.c.i.embedder.EclipseLogger - Copying 0 resource
2016-10-07 18:16:25,081 [Worker-58] INFO  o.e.m.c.i.embedder.EclipseLogger - Using 'UTF-8' encoding to copy filtered resources.
2016-10-07 18:16:25,081 [Worker-58] INFO  o.e.m.c.i.embedder.EclipseLogger - Copying 1 resource
2016-10-07 18:16:25,082 [Worker-58] INFO  o.e.m.c.i.embedder.EclipseLogger - Using 'UTF-8' encoding to copy filtered resources.
2016-10-07 18:16:25,082 [Worker-58] INFO  o.e.m.c.i.embedder.EclipseLogger - Copying 0 resource
2016-10-07 18:19:45,125 [Worker-55] INFO  o.e.m.c.i.embedder.EclipseLogger - Using 'UTF-8' encoding to copy filtered resources.
2016-10-07 18:19:45,126 [Worker-55] INFO  o.e.m.c.i.embedder.EclipseLogger - Copying 1 resource
2016-10-07 18:19:45,127 [Worker-55] INFO  o.e.m.c.i.embedder.EclipseLogger - Using 'UTF-8' encoding to copy filtered resources.
2016-10-07 18:19:45,127 [Worker-55] INFO  o.e.m.c.i.embedder.EclipseLogger - Copying 0 resource
2016-10-07 18:28:26,868 [Worker-60] INFO  o.e.m.c.i.embedder.EclipseLogger - Using 'UTF-8' encoding to copy filtered resources.
2016-10-07 18:28:26,869 [Worker-60] INFO  o.e.m.c.i.embedder.EclipseLogger - Copying 1 resource
2016-10-07 18:28:26,869 [Worker-60] INFO  o.e.m.c.i.embedder.EclipseLogger - Using 'UTF-8' encoding to copy filtered resources.
2016-10-07 18:28:26,870 [Worker-60] INFO  o.e.m.c.i.embedder.EclipseLogger - Copying 0 resource
2016-10-07 18:33:44,647 [Worker-51] INFO  o.e.m.c.i.embedder.EclipseLogger - Using 'UTF-8' encoding to copy filtered resources.
2016-10-07 18:33:44,648 [Worker-51] INFO  o.e.m.c.i.embedder.EclipseLogger - Copying 1 resource
2016-10-07 18:33:44,649 [Worker-51] INFO  o.e.m.c.i.embedder.EclipseLogger - Using 'UTF-8' encoding to copy filtered resources.
2016-10-07 18:33:44,649 [Worker-51] INFO  o.e.m.c.i.embedder.EclipseLogger - Copying 0 resource
2016-10-07 18:37:08,683 [Worker-51] INFO  o.e.m.c.i.embedder.EclipseLogger - Using 'UTF-8' encoding to copy filtered resources.
2016-10-07 18:37:08,683 [Worker-51] INFO  o.e.m.c.i.embedder.EclipseLogger - Copying 1 resource
2016-10-07 18:37:08,684 [Worker-51] INFO  o.e.m.c.i.embedder.EclipseLogger - Using 'UTF-8' encoding to copy filtered resources.
2016-10-07 18:37:08,684 [Worker-51] INFO  o.e.m.c.i.embedder.EclipseLogger - Copying 0 resource
2016-10-07 18:37:57,124 [Worker-62] INFO  o.e.m.c.i.embedder.EclipseLogger - Using 'UTF-8' encoding to copy filtered resources.
2016-10-07 18:37:57,125 [Worker-62] INFO  o.e.m.c.i.embedder.EclipseLogger - Copying 1 resource
2016-10-07 18:37:57,125 [Worker-62] INFO  o.e.m.c.i.embedder.EclipseLogger - Using 'UTF-8' encoding to copy filtered resources.
2016-10-07 18:37:57,125 [Worker-62] INFO  o.e.m.c.i.embedder.EclipseLogger - Copying 0 resource
2016-10-07 18:41:38,592 [Worker-65] INFO  o.e.m.c.i.embedder.EclipseLogger - Using 'UTF-8' encoding to copy filtered resources.
2016-10-07 18:41:38,593 [Worker-65] INFO  o.e.m.c.i.embedder.EclipseLogger - Copying 1 resource
2016-10-07 18:41:38,593 [Worker-65] INFO  o.e.m.c.i.embedder.EclipseLogger - Using 'UTF-8' encoding to copy filtered resources.
2016-10-07 18:41:38,593 [Worker-65] INFO  o.e.m.c.i.embedder.EclipseLogger - Copying 0 resource
2016-10-07 18:41:58,537 [Worker-62] INFO  o.e.m.c.i.embedder.EclipseLogger - Using 'UTF-8' encoding to copy filtered resources.
2016-10-07 18:41:58,538 [Worker-62] INFO  o.e.m.c.i.embedder.EclipseLogger - Copying 1 resource
2016-10-07 18:41:58,538 [Worker-62] INFO  o.e.m.c.i.embedder.EclipseLogger - Using 'UTF-8' encoding to copy filtered resources.
2016-10-07 18:41:58,538 [Worker-62] INFO  o.e.m.c.i.embedder.EclipseLogger - Copying 0 resource
2016-10-07 18:42:12,675 [Worker-64] INFO  o.e.m.c.i.embedder.EclipseLogger - Using 'UTF-8' encoding to copy filtered resources.
2016-10-07 18:42:12,676 [Worker-64] INFO  o.e.m.c.i.embedder.EclipseLogger - Copying 1 resource
2016-10-07 18:42:12,676 [Worker-64] INFO  o.e.m.c.i.embedder.EclipseLogger - Using 'UTF-8' encoding to copy filtered resources.
2016-10-07 18:42:12,676 [Worker-64] INFO  o.e.m.c.i.embedder.EclipseLogger - Copying 0 resource
2016-10-07 18:44:44,883 [Worker-64] INFO  o.e.m.c.i.embedder.EclipseLogger - Using 'UTF-8' encoding to copy filtered resources.
2016-10-07 18:44:44,883 [Worker-64] INFO  o.e.m.c.i.embedder.EclipseLogger - Copying 1 resource
2016-10-07 18:44:44,884 [Worker-64] INFO  o.e.m.c.i.embedder.EclipseLogger - Using 'UTF-8' encoding to copy filtered resources.
2016-10-07 18:44:44,884 [Worker-64] INFO  o.e.m.c.i.embedder.EclipseLogger - Copying 0 resource
2016-10-07 18:46:24,054 [Worker-65] INFO  o.e.m.c.i.embedder.EclipseLogger - Using 'UTF-8' encoding to copy filtered resources.
2016-10-07 18:46:24,054 [Worker-65] INFO  o.e.m.c.i.embedder.EclipseLogger - Copying 1 resource
2016-10-07 18:46:24,055 [Worker-65] INFO  o.e.m.c.i.embedder.EclipseLogger - Using 'UTF-8' encoding to copy filtered resources.
2016-10-07 18:46:24,055 [Worker-65] INFO  o.e.m.c.i.embedder.EclipseLogger - Copying 0 resource
2016-10-07 19:41:17,146 [Worker-8] INFO  o.e.m.c.i.embedder.EclipseLogger - Using 'UTF-8' encoding to copy filtered resources.
2016-10-07 19:41:17,157 [Worker-8] INFO  o.e.m.c.i.embedder.EclipseLogger - Copying 1 resource
2016-10-07 19:41:17,165 [Worker-8] INFO  o.e.m.c.i.embedder.EclipseLogger - Using 'UTF-8' encoding to copy filtered resources.
2016-10-07 19:41:17,165 [Worker-8] INFO  o.e.m.c.i.embedder.EclipseLogger - Copying 1 resource
2016-10-07 19:46:06,564 [Worker-0] INFO  o.e.m.c.i.embedder.EclipseLogger - Using 'UTF-8' encoding to copy filtered resources.
2016-10-07 19:46:06,569 [Worker-0] INFO  o.e.m.c.i.embedder.EclipseLogger - Copying 1 resource
2016-10-07 19:46:06,570 [Worker-0] INFO  o.e.m.c.i.embedder.EclipseLogger - Using 'UTF-8' encoding to copy filtered resources.
2016-10-07 19:46:06,570 [Worker-0] INFO  o.e.m.c.i.embedder.EclipseLogger - Copying 0 resource
2016-10-07 19:47:05,941 [Worker-11] INFO  o.e.m.c.i.embedder.EclipseLogger - Using 'UTF-8' encoding to copy filtered resources.
2016-10-07 19:47:05,942 [Worker-11] INFO  o.e.m.c.i.embedder.EclipseLogger - Copying 1 resource
2016-10-07 19:47:05,944 [Worker-11] INFO  o.e.m.c.i.embedder.EclipseLogger - Using 'UTF-8' encoding to copy filtered resources.
2016-10-07 19:47:05,944 [Worker-11] INFO  o.e.m.c.i.embedder.EclipseLogger - Copying 0 resource
2016-10-07 19:47:27,267 [Worker-11] INFO  o.e.m.c.i.embedder.EclipseLogger - Using 'UTF-8' encoding to copy filtered resources.
2016-10-07 19:47:27,268 [Worker-11] INFO  o.e.m.c.i.embedder.EclipseLogger - Copying 1 resource
2016-10-07 19:47:27,270 [Worker-11] INFO  o.e.m.c.i.embedder.EclipseLogger - Using 'UTF-8' encoding to copy filtered resources.
2016-10-07 19:47:27,270 [Worker-11] INFO  o.e.m.c.i.embedder.EclipseLogger - Copying 0 resource
2016-10-07 19:48:26,061 [Worker-14] INFO  o.e.m.c.i.embedder.EclipseLogger - Using 'UTF-8' encoding to copy filtered resources.
2016-10-07 19:48:26,062 [Worker-14] INFO  o.e.m.c.i.embedder.EclipseLogger - Copying 1 resource
2016-10-07 19:48:26,063 [Worker-14] INFO  o.e.m.c.i.embedder.EclipseLogger - Using 'UTF-8' encoding to copy filtered resources.
2016-10-07 19:48:26,063 [Worker-14] INFO  o.e.m.c.i.embedder.EclipseLogger - Copying 0 resource
2016-10-07 19:51:42,553 [Worker-15] INFO  o.e.m.c.i.embedder.EclipseLogger - Using 'UTF-8' encoding to copy filtered resources.
2016-10-07 19:51:42,553 [Worker-15] INFO  o.e.m.c.i.embedder.EclipseLogger - Copying 1 resource
2016-10-07 19:51:42,554 [Worker-15] INFO  o.e.m.c.i.embedder.EclipseLogger - Using 'UTF-8' encoding to copy filtered resources.
2016-10-07 19:51:42,554 [Worker-15] INFO  o.e.m.c.i.embedder.EclipseLogger - Copying 0 resource
2016-10-07 19:52:19,902 [Worker-11] INFO  o.e.m.c.i.embedder.EclipseLogger - Using 'UTF-8' encoding to copy filtered resources.
2016-10-07 19:52:19,903 [Worker-11] INFO  o.e.m.c.i.embedder.EclipseLogger - Copying 1 resource
2016-10-07 19:52:19,904 [Worker-11] INFO  o.e.m.c.i.embedder.EclipseLogger - Using 'UTF-8' encoding to copy filtered resources.
2016-10-07 19:52:19,904 [Worker-11] INFO  o.e.m.c.i.embedder.EclipseLogger - Copying 0 resource
2016-10-07 19:53:33,823 [Worker-14] INFO  o.e.m.c.i.embedder.EclipseLogger - Using 'UTF-8' encoding to copy filtered resources.
2016-10-07 19:53:33,823 [Worker-14] INFO  o.e.m.c.i.embedder.EclipseLogger - Copying 1 resource
2016-10-07 19:53:33,825 [Worker-14] INFO  o.e.m.c.i.embedder.EclipseLogger - Using 'UTF-8' encoding to copy filtered resources.
2016-10-07 19:53:33,825 [Worker-14] INFO  o.e.m.c.i.embedder.EclipseLogger - Copying 0 resource
2016-10-07 19:55:30,113 [Worker-15] INFO  o.e.m.c.i.embedder.EclipseLogger - Using 'UTF-8' encoding to copy filtered resources.
2016-10-07 19:55:30,114 [Worker-15] INFO  o.e.m.c.i.embedder.EclipseLogger - Copying 1 resource
2016-10-07 19:55:30,115 [Worker-15] INFO  o.e.m.c.i.embedder.EclipseLogger - Using 'UTF-8' encoding to copy filtered resources.
2016-10-07 19:55:30,115 [Worker-15] INFO  o.e.m.c.i.embedder.EclipseLogger - Copying 0 resource
2016-10-07 19:58:11,958 [Worker-1] INFO  o.e.m.c.i.embedder.EclipseLogger - Using 'UTF-8' encoding to copy filtered resources.
2016-10-07 19:58:11,959 [Worker-1] INFO  o.e.m.c.i.embedder.EclipseLogger - Copying 1 resource
2016-10-07 19:58:11,960 [Worker-1] INFO  o.e.m.c.i.embedder.EclipseLogger - Using 'UTF-8' encoding to copy filtered resources.
2016-10-07 19:58:11,960 [Worker-1] INFO  o.e.m.c.i.embedder.EclipseLogger - Copying 0 resource
2016-10-07 20:01:25,683 [Worker-1] INFO  o.e.m.c.i.embedder.EclipseLogger - Using 'UTF-8' encoding to copy filtered resources.
2016-10-07 20:01:25,683 [Worker-1] INFO  o.e.m.c.i.embedder.EclipseLogger - Copying 1 resource
2016-10-07 20:01:25,684 [Worker-1] INFO  o.e.m.c.i.embedder.EclipseLogger - Using 'UTF-8' encoding to copy filtered resources.
2016-10-07 20:01:25,685 [Worker-1] INFO  o.e.m.c.i.embedder.EclipseLogger - Copying 0 resource
2016-10-07 20:06:13,720 [Worker-0] INFO  o.e.m.c.i.embedder.EclipseLogger - Using 'UTF-8' encoding to copy filtered resources.
2016-10-07 20:06:13,721 [Worker-0] INFO  o.e.m.c.i.embedder.EclipseLogger - Copying 1 resource
2016-10-07 20:06:13,722 [Worker-0] INFO  o.e.m.c.i.embedder.EclipseLogger - Using 'UTF-8' encoding to copy filtered resources.
2016-10-07 20:06:13,722 [Worker-0] INFO  o.e.m.c.i.embedder.EclipseLogger - Copying 0 resource
2016-10-07 20:07:29,671 [Worker-19] INFO  o.e.m.c.i.embedder.EclipseLogger - Using 'UTF-8' encoding to copy filtered resources.
2016-10-07 20:07:29,671 [Worker-19] INFO  o.e.m.c.i.embedder.EclipseLogger - Copying 1 resource
2016-10-07 20:07:29,673 [Worker-19] INFO  o.e.m.c.i.embedder.EclipseLogger - Using 'UTF-8' encoding to copy filtered resources.
2016-10-07 20:07:29,673 [Worker-19] INFO  o.e.m.c.i.embedder.EclipseLogger - Copying 0 resource
2016-10-07 20:07:57,726 [Worker-11] INFO  o.e.m.c.i.embedder.EclipseLogger - Using 'UTF-8' encoding to copy filtered resources.
2016-10-07 20:07:57,727 [Worker-11] INFO  o.e.m.c.i.embedder.EclipseLogger - Copying 1 resource
2016-10-07 20:07:57,728 [Worker-11] INFO  o.e.m.c.i.embedder.EclipseLogger - Using 'UTF-8' encoding to copy filtered resources.
2016-10-07 20:07:57,729 [Worker-11] INFO  o.e.m.c.i.embedder.EclipseLogger - Copying 0 resource
2016-10-07 20:08:21,982 [Worker-11] INFO  o.e.m.c.i.embedder.EclipseLogger - Using 'UTF-8' encoding to copy filtered resources.
2016-10-07 20:08:21,982 [Worker-11] INFO  o.e.m.c.i.embedder.EclipseLogger - Copying 1 resource
2016-10-07 20:08:21,983 [Worker-11] INFO  o.e.m.c.i.embedder.EclipseLogger - Using 'UTF-8' encoding to copy filtered resources.
2016-10-07 20:08:21,983 [Worker-11] INFO  o.e.m.c.i.embedder.EclipseLogger - Copying 0 resource
2016-10-07 20:12:15,878 [Worker-21] INFO  o.e.m.c.i.embedder.EclipseLogger - Using 'UTF-8' encoding to copy filtered resources.
2016-10-07 20:12:15,879 [Worker-21] INFO  o.e.m.c.i.embedder.EclipseLogger - Copying 1 resource
2016-10-07 20:12:15,882 [Worker-21] INFO  o.e.m.c.i.embedder.EclipseLogger - Using 'UTF-8' encoding to copy filtered resources.
2016-10-07 20:12:15,883 [Worker-21] INFO  o.e.m.c.i.embedder.EclipseLogger - Copying 0 resource
2016-10-07 20:13:18,388 [Worker-22] INFO  o.e.m.c.i.embedder.EclipseLogger - Using 'UTF-8' encoding to copy filtered resources.
2016-10-07 20:13:18,389 [Worker-22] INFO  o.e.m.c.i.embedder.EclipseLogger - Copying 1 resource
2016-10-07 20:13:18,390 [Worker-22] INFO  o.e.m.c.i.embedder.EclipseLogger - Using 'UTF-8' encoding to copy filtered resources.
2016-10-07 20:13:18,391 [Worker-22] INFO  o.e.m.c.i.embedder.EclipseLogger - Copying 0 resource
2016-10-07 20:14:07,043 [Worker-0] INFO  o.e.m.c.i.embedder.EclipseLogger - Using 'UTF-8' encoding to copy filtered resources.
2016-10-07 20:14:07,044 [Worker-0] INFO  o.e.m.c.i.embedder.EclipseLogger - Copying 1 resource
2016-10-07 20:14:07,045 [Worker-0] INFO  o.e.m.c.i.embedder.EclipseLogger - Using 'UTF-8' encoding to copy filtered resources.
2016-10-07 20:14:07,045 [Worker-0] INFO  o.e.m.c.i.embedder.EclipseLogger - Copying 0 resource
2016-10-07 20:14:53,491 [Worker-19] INFO  o.e.m.c.i.embedder.EclipseLogger - Using 'UTF-8' encoding to copy filtered resources.
2016-10-07 20:14:53,492 [Worker-19] INFO  o.e.m.c.i.embedder.EclipseLogger - Copying 1 resource
2016-10-07 20:14:53,493 [Worker-19] INFO  o.e.m.c.i.embedder.EclipseLogger - Using 'UTF-8' encoding to copy filtered resources.
2016-10-07 20:14:53,493 [Worker-19] INFO  o.e.m.c.i.embedder.EclipseLogger - Copying 0 resource
2016-10-07 20:16:25,866 [Worker-21] INFO  o.e.m.c.i.embedder.EclipseLogger - Using 'UTF-8' encoding to copy filtered resources.
2016-10-07 20:16:25,866 [Worker-21] INFO  o.e.m.c.i.embedder.EclipseLogger - Copying 1 resource
2016-10-07 20:16:25,867 [Worker-21] INFO  o.e.m.c.i.embedder.EclipseLogger - Using 'UTF-8' encoding to copy filtered resources.
2016-10-07 20:16:25,867 [Worker-21] INFO  o.e.m.c.i.embedder.EclipseLogger - Copying 0 resource
2016-11-01 15:32:56,151 [Worker-10] INFO  o.e.m.c.i.embedder.EclipseLogger - Using 'UTF-8' encoding to copy filtered resources.
2016-11-01 15:32:56,162 [Worker-10] INFO  o.e.m.c.i.embedder.EclipseLogger - Copying 1 resource
2016-11-01 15:32:56,170 [Worker-10] INFO  o.e.m.c.i.embedder.EclipseLogger - Using 'UTF-8' encoding to copy filtered resources.
2016-11-01 15:32:56,170 [Worker-10] INFO  o.e.m.c.i.embedder.EclipseLogger - Copying 1 resource
